<?xml version="1.0" encoding="UTF-8"?>
<!-- Generated by org.testng.reporters.JUnitReportReporter -->
<testsuite hostname="Fahads-MacBook-Pro.local" failures="0" tests="2" name="Automation.SeleniumTestCases" time="9.014" errors="0" timestamp="2022-08-24T02:14:44 PKT" skipped="0">
  <testcase classname="Automation.SeleniumTestCases" name="seleniumpage" time="8.993"/>
  <system-out/>
  <testcase classname="Automation.SeleniumTestCases" name="gettitle" time="0.021"/>
  <system-out/>
</testsuite> <!-- Automation.SeleniumTestCases -->
