<?xml version="1.0" encoding="UTF-8"?>
<!-- Generated by org.testng.reporters.JUnitReportReporter -->
<testsuite hostname="Fahads-MacBook-Pro.local" failures="0" tests="1" name="Automation.Configuration" time="8.529" errors="0" timestamp="2022-08-24T02:14:44 PKT" skipped="0">
  <testcase classname="Automation.Configuration" name="beforetest" time="8.529"/>
  <system-out/>
</testsuite> <!-- Automation.Configuration -->
